<?xml version="1.0" encoding="UTF-8"?>
<testsuite xmlns:xsi="http://www.w3.org/2001/XMLSchema-instance" xsi:noNamespaceSchemaLocation="https://maven.apache.org/surefire/maven-surefire-plugin/xsd/surefire-test-report.xsd" version="3.0.2" name="FitStore.TpoGrupo10.TpoGrupo10ApplicationTests" time="20.763" tests="1" errors="0" skipped="0" failures="0">
  <properties>
[...]
</properties>
  <testcase name="contextLoads" classname="FitStore.TpoGrupo10.TpoGrupo10ApplicationTests" time="1.38">
    <system-out><![CDATA[15:11:19.184 [main] INFO org.springframework.test.context.support.AnnotationConfigContextLoaderUtils -- Could not detect default configuration classes for test class [FitStore.TpoGrupo10.TpoGrupo10ApplicationTests]: TpoGrupo10ApplicationTests does not declare any static, non-private, non-final, nested classes annotated with @Configuration.
15:11:19.540 [main] INFO org.springframework.boot.test.context.SpringBootTestContextBootstrapper -- Found @SpringBootConfiguration FitStore.TpoGrupo10.App for test class FitStore.TpoGrupo10.TpoGrupo10ApplicationTests

  .   ____          _            __ _ _
 /\\ / ___'_ __ _ _(_)_ __  __ _ \ \ \ \
( ( )\___ | '_ | '_| | '_ \/ _` | \ \ \ \
 \\/  ___)| |_)| | | | | || (_| |  ) ) ) )
  '  |____| .__|_| |_|_| |_\__, | / / / /
 =========|_|==============|___/=/_/_/_/

 :: Spring Boot ::                (v3.4.6)

2025-06-19T15:11:21.104-03:00  INFO 11232 --- [TPOGrupo10] [           main] F.TpoGrupo10.TpoGrupo10ApplicationTests  : Starting TpoGrupo10ApplicationTests using Java 17.0.15 with PID 11232 (started by taiel in C:\Users\taiel\Desktop\TPO APP\Laboratorio-Grupo10\backend)
2025-06-19T15:11:21.109-03:00  INFO 11232 --- [TPOGrupo10] [           main] F.TpoGrupo10.TpoGrupo10ApplicationTests  : No active profile set, falling back to 1 default profile: "default"
2025-06-19T15:11:24.582-03:00  INFO 11232 --- [TPOGrupo10] [           main] .s.d.r.c.RepositoryConfigurationDelegate : Bootstrapping Spring Data JPA repositories in DEFAULT mode.
2025-06-19T15:11:24.948-03:00  INFO 11232 --- [TPOGrupo10] [           main] .s.d.r.c.RepositoryConfigurationDelegate : Finished Spring Data repository scanning in 327 ms. Found 4 JPA repository interfaces.
2025-06-19T15:11:27.145-03:00  INFO 11232 --- [TPOGrupo10] [           main] o.hibernate.jpa.internal.util.LogHelper  : HHH000204: Processing PersistenceUnitInfo [name: default]
2025-06-19T15:11:27.419-03:00  INFO 11232 --- [TPOGrupo10] [           main] org.hibernate.Version                    : HHH000412: Hibernate ORM core version 6.6.15.Final
2025-06-19T15:11:27.578-03:00  INFO 11232 --- [TPOGrupo10] [           main] o.h.c.internal.RegionFactoryInitiator    : HHH000026: Second-level cache disabled
2025-06-19T15:11:28.732-03:00  INFO 11232 --- [TPOGrupo10] [           main] o.s.o.j.p.SpringPersistenceUnitInfo      : No LoadTimeWeaver setup: ignoring JPA class transformer
2025-06-19T15:11:28.837-03:00  INFO 11232 --- [TPOGrupo10] [           main] com.zaxxer.hikari.HikariDataSource       : HikariPool-1 - Starting...
2025-06-19T15:11:29.363-03:00  INFO 11232 --- [TPOGrupo10] [           main] com.zaxxer.hikari.pool.HikariPool        : HikariPool-1 - Added connection com.mysql.cj.jdbc.ConnectionImpl@73234691
2025-06-19T15:11:29.366-03:00  INFO 11232 --- [TPOGrupo10] [           main] com.zaxxer.hikari.HikariDataSource       : HikariPool-1 - Start completed.
2025-06-19T15:11:29.409-03:00  WARN 11232 --- [TPOGrupo10] [           main] org.hibernate.orm.deprecation            : HHH90000025: MySQL8Dialect does not need to be specified explicitly using 'hibernate.dialect' (remove the property setting and it will be selected by default)
2025-06-19T15:11:29.413-03:00  WARN 11232 --- [TPOGrupo10] [           main] org.hibernate.orm.deprecation            : HHH90000026: MySQL8Dialect has been deprecated; use org.hibernate.dialect.MySQLDialect instead
2025-06-19T15:11:29.467-03:00  INFO 11232 --- [TPOGrupo10] [           main] org.hibernate.orm.connections.pooling    : HHH10001005: Database info:
	Database JDBC URL [Connecting through datasource 'HikariDataSource (HikariPool-1)']
	Database driver: undefined/unknown
	Database version: 8.0
	Autocommit mode: undefined/unknown
	Isolation level: undefined/unknown
	Minimum pool size: undefined/unknown
	Maximum pool size: undefined/unknown
2025-06-19T15:11:32.393-03:00  INFO 11232 --- [TPOGrupo10] [           main] o.h.e.t.j.p.i.JtaPlatformInitiator       : HHH000489: No JTA platform available (set 'hibernate.transaction.jta.platform' to enable JTA platform integration)
2025-06-19T15:11:32.613-03:00  INFO 11232 --- [TPOGrupo10] [           main] j.LocalContainerEntityManagerFactoryBean : Initialized JPA EntityManagerFactory for persistence unit 'default'
2025-06-19T15:11:33.975-03:00  INFO 11232 --- [TPOGrupo10] [           main] r$InitializeUserDetailsManagerConfigurer : Global AuthenticationManager configured with UserDetailsService bean with name customUserDetailsService
2025-06-19T15:11:35.410-03:00  WARN 11232 --- [TPOGrupo10] [           main] JpaBaseConfiguration$JpaWebConfiguration : spring.jpa.open-in-view is enabled by default. Therefore, database queries may be performed during view rendering. Explicitly configure spring.jpa.open-in-view to disable this warning
2025-06-19T15:11:37.997-03:00  INFO 11232 --- [TPOGrupo10] [           main] F.TpoGrupo10.TpoGrupo10ApplicationTests  : Started TpoGrupo10ApplicationTests in 17.919 seconds (process running for 20.939)
]]></system-out>
  </testcase>
</testsuite>